<?xml version="1.0" encoding="UTF-8"?>
<!-- Generated by org.testng.reporters.JUnitXMLReporter -->
<testsuite ignored="0" hostname="DESKTOP-OFIDLPQ" failures="2" tests="8" name="testngtestingLearnerModule" time="0.04" errors="0" timestamp="2022-04-19T12:51:26 IST">
  <testcase classname="mykademyTests.LearnerModule" name="Login_Check" time="0.002">
    <failure type="java.lang.NullPointerException" message="Cannot invoke &amp;quot;org.openqa.selenium.WebDriver.findElement(org.openqa.selenium.By)&amp;quot; because the return value of &amp;quot;mykademyTests.LearnerModule.getDriver()&amp;quot; is null">
      <![CDATA[java.lang.NullPointerException: Cannot invoke "org.openqa.selenium.WebDriver.findElement(org.openqa.selenium.By)" because the return value of "mykademyTests.LearnerModule.getDriver()" is null
at mykademyTests.LearnerModule.Login_Check(LearnerModule.java:22)
at java.base/java.util.ArrayList.forEach(ArrayList.java:1511)
... Removed 27 stack frames]]>
    </failure>
  </testcase> <!-- Login_Check -->
  <testcase classname="mykademyTests.LearnerModule" name="MoveToLearnerModule" time="0.001">
    <failure type="java.lang.NullPointerException" message="Cannot invoke &amp;quot;org.openqa.selenium.WebDriver.findElement(org.openqa.selenium.By)&amp;quot; because the return value of &amp;quot;mykademyTests.LearnerModule.getDriver()&amp;quot; is null">
      <![CDATA[java.lang.NullPointerException: Cannot invoke "org.openqa.selenium.WebDriver.findElement(org.openqa.selenium.By)" because the return value of "mykademyTests.LearnerModule.getDriver()" is null
at mykademyTests.LearnerModule.MoveToLearnerModule(LearnerModule.java:31)
at java.base/java.util.ArrayList.forEach(ArrayList.java:1511)
... Removed 27 stack frames]]>
    </failure>
  </testcase> <!-- MoveToLearnerModule -->
  <testcase classname="mykademyTests.LearnerModule" name="AddLearners" time="0.0">
    <skipped/>
  </testcase> <!-- AddLearners -->
  <testcase classname="mykademyTests.LearnerModule" name="DeleteAlreadyAddedLearners" time="0.0">
    <skipped/>
  </testcase> <!-- DeleteAlreadyAddedLearners -->
  <testcase classname="mykademyTests.LearnerModule" name="UploadLearners" time="0.0">
    <skipped/>
  </testcase> <!-- UploadLearners -->
  <testcase classname="mykademyTests.LearnerModule" name="ExportLearner" time="0.0">
    <skipped/>
  </testcase> <!-- ExportLearner -->
  <testcase classname="mykademyTests.LearnerModule" name="GoToHomePage" time="0.0">
    <skipped/>
  </testcase> <!-- GoToHomePage -->
  <testcase classname="mykademyTests.LearnerModule" name="teaDown" time="0.0">
    <skipped/>
  </testcase> <!-- teaDown -->
</testsuite> <!-- testngtestingLearnerModule -->
