<?xml version="1.0" encoding="UTF-8"?>
<!-- Generated by org.testng.reporters.JUnitXMLReporter -->
<testsuite ignored="0" hostname="DESKTOP-OFIDLPQ" failures="0" tests="8" name="testngtestingAddLearner" time="27.155" errors="0" timestamp="2022-05-31T06:50:24 IST">
  <testcase classname="mykademyTests.LearnerModule" name="Login_Check" time="1.645"/>
  <testcase classname="mykademyTests.LearnerModule" name="MoveToLearnerModule" time="3.506"/>
  <testcase classname="mykademyTests.LearnerModule" name="AddLearners" time="2.186"/>
  <testcase classname="mykademyTests.LearnerModule" name="AddLearners" time="1.268"/>
  <testcase classname="mykademyTests.LearnerModule" name="DeleteAlreadyAddedLearners" time="5.294"/>
  <testcase classname="mykademyTests.LearnerModule" name="UploadLearners" time="6.776"/>
  <testcase classname="mykademyTests.LearnerModule" name="ExportLearner" time="2.877"/>
  <testcase classname="mykademyTests.LearnerModule" name="GoToHomePage" time="1.055"/>
</testsuite> <!-- testngtestingAddLearner -->
