<?xml version="1.0" encoding="UTF-8"?>
<!-- Generated by org.testng.reporters.JUnitXMLReporter -->
<testsuite ignored="0" hostname="DESKTOP-OFIDLPQ" failures="0" tests="7" name="testngtestingAddFacilitator" time="13.994" errors="0" timestamp="2022-05-31T06:49:08 IST">
  <testcase classname="mykademyTests.FacilitatorModule" name="Login_Check" time="1.466"/>
  <testcase classname="mykademyTests.FacilitatorModule" name="MoveToFacilitatorModule" time="1.368"/>
  <testcase classname="mykademyTests.FacilitatorModule" name="AddFacilitator" time="1.382"/>
  <testcase classname="mykademyTests.FacilitatorModule" name="AddToCourse" time="5.612"/>
  <testcase classname="mykademyTests.FacilitatorModule" name="DeleteFacilitator" time="0.93"/>
  <testcase classname="mykademyTests.FacilitatorModule" name="GoToHomePage" time="0.885"/>
  <testcase classname="mykademyTests.FacilitatorModule" name="teaDown" time="0.308"/>
</testsuite> <!-- testngtestingAddFacilitator -->
