<?xml version="1.0" encoding="UTF-8"?>
<!-- Generated by org.testng.reporters.JUnitXMLReporter -->
<testsuite ignored="0" hostname="DESKTOP-OFIDLPQ" failures="0" tests="3" name="testngtestOne" time="5.821" errors="0" timestamp="2022-04-20T07:13:16 IST">
  <testcase classname="mykademyTests.Login" name="Login_Error_Check" time="1.862"/>
  <testcase classname="mykademyTests.Login" name="Login_Check" time="1.568"/>
  <testcase classname="mykademyTests.Login" name="teaDown" time="0.231"/>
</testsuite> <!-- testngtestOne -->
