<?xml version="1.0" encoding="UTF-8"?>
<!-- Generated by org.testng.reporters.JUnitXMLReporter -->
<testsuite ignored="0" hostname="DESKTOP-OFIDLPQ" failures="0" tests="20" name="testngtestingCourseCreation" time="195.522" errors="0" timestamp="2022-05-30T19:55:25 IST">
  <testcase classname="mykademyTests.CourseCreation" name="Login_Check" time="2.01"/>
  <testcase classname="mykademyTests.CourseCreation" name="MoveToFacilitatorModule" time="1.461"/>
  <testcase classname="mykademyTests.CourseCreation" name="AddCourse" time="8.032"/>
  <testcase classname="mykademyTests.CourseCreation" name="importFile" time="8.486"/>
  <testcase classname="mykademyTests.CourseCreation" name="importFile" time="6.807"/>
  <testcase classname="mykademyTests.CourseCreation" name="importFile" time="13.775"/>
  <testcase classname="mykademyTests.CourseCreation" name="importFile" time="8.834"/>
  <testcase classname="mykademyTests.CourseCreation" name="importFile" time="7.991"/>
  <testcase classname="mykademyTests.CourseCreation" name="importFile" time="7.312"/>
  <testcase classname="mykademyTests.CourseCreation" name="importFile" time="15.943"/>
  <testcase classname="mykademyTests.CourseCreation" name="LiveClassCreation" time="8.236"/>
  <testcase classname="mykademyTests.CourseCreation" name="AssessmentCreation" time="24.774"/>
  <testcase classname="mykademyTests.CourseCreation" name="AssignmentCreation" time="8.49"/>
  <testcase classname="mykademyTests.CourseCreation" name="HTMLLecture" time="6.197"/>
  <testcase classname="mykademyTests.CourseCreation" name="ScormCreation" time="35.306"/>
  <testcase classname="mykademyTests.CourseCreation" name="YoutubeLecture" time="4.66"/>
  <testcase classname="mykademyTests.CourseCreation" name="SurveyLecture" time="10.632"/>
  <testcase classname="mykademyTests.CourseCreation" name="CourseSettings" time="6.344"/>
  <testcase classname="mykademyTests.CourseCreation" name="ActivateCourse" time="5.059"/>
  <testcase classname="mykademyTests.CourseCreation" name="DeleteCourse" time="2.935"/>
</testsuite> <!-- testngtestingCourseCreation -->
