<?xml version="1.0" encoding="UTF-8"?>
<!-- Generated by org.testng.reporters.JUnitXMLReporter -->
<testsuite ignored="0" hostname="DESKTOP-OFIDLPQ" failures="1" tests="7" name="testngtestingFacilitatorModule" time="0.069" errors="0" timestamp="2022-04-19T12:51:26 IST">
  <testcase classname="mykademyTests.FacilitatorModule" name="Login_Check" time="0.001">
    <failure type="java.lang.NullPointerException" message="Cannot invoke &amp;quot;org.openqa.selenium.WebDriver.findElement(org.openqa.selenium.By)&amp;quot; because the return value of &amp;quot;mykademyTests.FacilitatorModule.getDriver()&amp;quot; is null">
      <![CDATA[java.lang.NullPointerException: Cannot invoke "org.openqa.selenium.WebDriver.findElement(org.openqa.selenium.By)" because the return value of "mykademyTests.FacilitatorModule.getDriver()" is null
at mykademyTests.FacilitatorModule.Login_Check(FacilitatorModule.java:18)
at java.base/java.util.ArrayList.forEach(ArrayList.java:1511)
... Removed 27 stack frames]]>
    </failure>
  </testcase> <!-- Login_Check -->
  <testcase classname="mykademyTests.FacilitatorModule" name="MoveToFacilitatorModule" time="0.0">
    <skipped/>
  </testcase> <!-- MoveToFacilitatorModule -->
  <testcase classname="mykademyTests.FacilitatorModule" name="AddFacilitator" time="0.0">
    <skipped/>
  </testcase> <!-- AddFacilitator -->
  <testcase classname="mykademyTests.FacilitatorModule" name="AddToCourse" time="0.0">
    <skipped/>
  </testcase> <!-- AddToCourse -->
  <testcase classname="mykademyTests.FacilitatorModule" name="DeleteFacilitator" time="0.0">
    <skipped/>
  </testcase> <!-- DeleteFacilitator -->
  <testcase classname="mykademyTests.FacilitatorModule" name="GoToHomePage" time="0.0">
    <skipped/>
  </testcase> <!-- GoToHomePage -->
  <testcase classname="mykademyTests.FacilitatorModule" name="teaDown" time="0.0">
    <skipped/>
  </testcase> <!-- teaDown -->
</testsuite> <!-- testngtestingFacilitatorModule -->
