<?xml version="1.0" encoding="UTF-8"?>
<!-- Generated by org.testng.reporters.JUnitXMLReporter -->
<testsuite ignored="0" hostname="DESKTOP-OFIDLPQ" failures="0" tests="3" name="testngtestingOne" time="4.468" errors="0" timestamp="2022-05-31T06:43:57 IST">
  <testcase classname="mykademyTests.Login" name="Login_Error_Check" time="0.131"/>
  <testcase classname="mykademyTests.Login" name="Login_Check" time="1.898"/>
  <testcase classname="mykademyTests.Login" name="teaDown" time="0.381"/>
</testsuite> <!-- testngtestingOne -->
