<?xml version="1.0" encoding="UTF-8"?>
<testng-results ignored="0" total="6" passed="4" failed="1" skipped="1">
  <reporter-output>
  </reporter-output>
  <suite started-at="2022-05-31T07:16:53 IST" name="Suite1" finished-at="2022-05-31T07:17:59 IST" duration-ms="65452">
    <groups>
    </groups>
    <test started-at="2022-05-31T07:16:53 IST" name="testngtestingRoleManagement" finished-at="2022-05-31T07:17:59 IST" duration-ms="65452">
      <class name="mykademyTests.RoleManagement">
        <test-method is-config="true" signature="initBrowser(java.lang.String)[pri:0, instance:mykademyTests.RoleManagement@10d307f1]" started-at="2022-05-31T07:16:50 IST" name="initBrowser" finished-at="2022-05-31T07:16:53 IST" duration-ms="3154" status="PASS">
          <params>
            <param index="0">
              <value>
                <![CDATA[chrome]]>
              </value>
            </param>
          </params>
          <reporter-output>
          </reporter-output>
        </test-method> <!-- initBrowser -->
        <test-method is-config="true" signature="getMykademy()[pri:0, instance:mykademyTests.RoleManagement@10d307f1]" started-at="2022-05-31T07:16:53 IST" name="getMykademy" finished-at="2022-05-31T07:16:55 IST" duration-ms="1842" status="PASS">
          <reporter-output>
          </reporter-output>
        </test-method> <!-- getMykademy -->
        <test-method signature="Login_Check(java.lang.String,java.lang.String)[pri:1, instance:mykademyTests.RoleManagement@10d307f1]" started-at="2022-05-31T07:16:55 IST" name="Login_Check" finished-at="2022-05-31T07:16:56 IST" duration-ms="1447" status="PASS">
          <params>
            <param index="0">
              <value>
                <![CDATA[thanveer.a+25@enfintechnologies.com]]>
              </value>
            </param>
            <param index="1">
              <value>
                <![CDATA[123456ab]]>
              </value>
            </param>
          </params>
          <reporter-output>
          </reporter-output>
        </test-method> <!-- Login_Check -->
        <test-method signature="MoveToRoleManagement()[pri:2, instance:mykademyTests.RoleManagement@10d307f1]" started-at="2022-05-31T07:16:57 IST" name="MoveToRoleManagement" finished-at="2022-05-31T07:16:59 IST" depends-on-methods="mykademyTests.RoleManagement.Login_Check" duration-ms="2294" status="PASS">
          <reporter-output>
          </reporter-output>
        </test-method> <!-- MoveToRoleManagement -->
        <test-method signature="CreateNewRole()[pri:3, instance:mykademyTests.RoleManagement@10d307f1]" started-at="2022-05-31T07:16:59 IST" name="CreateNewRole" finished-at="2022-05-31T07:17:07 IST" depends-on-methods="mykademyTests.RoleManagement.MoveToRoleManagement" duration-ms="8409" status="PASS">
          <reporter-output>
          </reporter-output>
        </test-method> <!-- CreateNewRole -->
        <test-method signature="DeleteRole()[pri:4, instance:mykademyTests.RoleManagement@10d307f1]" started-at="2022-05-31T07:17:07 IST" name="DeleteRole" finished-at="2022-05-31T07:17:58 IST" depends-on-methods="mykademyTests.RoleManagement.CreateNewRole" duration-ms="50448" status="FAIL">
          <exception class="org.openqa.selenium.NoSuchElementException">
            <message>
              <![CDATA[no such element: Unable to locate element: {"method":"xpath","selector":".//div[@data-title='role 133']//following-sibling::div[@class='btn-group lecture-control open']//a[contains(text(),'Delete')]"}
  (Session info: chrome=101.0.4951.67)
For documentation on this error, please visit: https://selenium.dev/exceptions/#no_such_element
Build info: version: '4.0.0-rc-1', revision: 'bc5511cbda'
System info: host: 'DESKTOP-OFIDLPQ', ip: '192.168.1.9', os.name: 'Windows 10', os.arch: 'amd64', os.version: '10.0', java.version: '16.0.2'
Driver info: org.openqa.selenium.chrome.ChromeDriver
Command: [a6e357efe4e26b45a4bafe1d17670724, findElement {using=xpath, value=.//div[@data-title='role 133']//following-sibling::div[@class='btn-group lecture-control open']//a[contains(text(),'Delete')]}]
Capabilities {acceptInsecureCerts: false, browserName: chrome, browserVersion: 101.0.4951.67, chrome: {chromedriverVersion: 101.0.4951.41 (93c720db8323..., userDataDir: C:\Users\Enfin\AppData\Loca...}, goog:chromeOptions: {debuggerAddress: localhost:55610}, javascriptEnabled: true, networkConnectionEnabled: false, pageLoadStrategy: normal, platform: WINDOWS, platformName: WINDOWS, proxy: Proxy(), se:cdp: ws://localhost:55610/devtoo..., se:cdpVersion: 101.0.4951.67, setWindowRect: true, strictFileInteractability: false, timeouts: {implicit: 0, pageLoad: 300000, script: 30000}, unhandledPromptBehavior: dismiss and notify, webauthn:extension:credBlob: true, webauthn:extension:largeBlob: true, webauthn:virtualAuthenticators: true}
Session ID: a6e357efe4e26b45a4bafe1d17670724]]>
            </message>
            <full-stacktrace>
              <![CDATA[org.openqa.selenium.NoSuchElementException: no such element: Unable to locate element: {"method":"xpath","selector":".//div[@data-title='role 133']//following-sibling::div[@class='btn-group lecture-control open']//a[contains(text(),'Delete')]"}
  (Session info: chrome=101.0.4951.67)
For documentation on this error, please visit: https://selenium.dev/exceptions/#no_such_element
Build info: version: '4.0.0-rc-1', revision: 'bc5511cbda'
System info: host: 'DESKTOP-OFIDLPQ', ip: '192.168.1.9', os.name: 'Windows 10', os.arch: 'amd64', os.version: '10.0', java.version: '16.0.2'
Driver info: org.openqa.selenium.chrome.ChromeDriver
Command: [a6e357efe4e26b45a4bafe1d17670724, findElement {using=xpath, value=.//div[@data-title='role 133']//following-sibling::div[@class='btn-group lecture-control open']//a[contains(text(),'Delete')]}]
Capabilities {acceptInsecureCerts: false, browserName: chrome, browserVersion: 101.0.4951.67, chrome: {chromedriverVersion: 101.0.4951.41 (93c720db8323..., userDataDir: C:\Users\Enfin\AppData\Loca...}, goog:chromeOptions: {debuggerAddress: localhost:55610}, javascriptEnabled: true, networkConnectionEnabled: false, pageLoadStrategy: normal, platform: WINDOWS, platformName: WINDOWS, proxy: Proxy(), se:cdp: ws://localhost:55610/devtoo..., se:cdpVersion: 101.0.4951.67, setWindowRect: true, strictFileInteractability: false, timeouts: {implicit: 0, pageLoad: 300000, script: 30000}, unhandledPromptBehavior: dismiss and notify, webauthn:extension:credBlob: true, webauthn:extension:largeBlob: true, webauthn:virtualAuthenticators: true}
Session ID: a6e357efe4e26b45a4bafe1d17670724
at java.base/jdk.internal.reflect.NativeConstructorAccessorImpl.newInstance0(Native Method)
at java.base/jdk.internal.reflect.NativeConstructorAccessorImpl.newInstance(NativeConstructorAccessorImpl.java:78)
at java.base/jdk.internal.reflect.DelegatingConstructorAccessorImpl.newInstance(DelegatingConstructorAccessorImpl.java:45)
at java.base/java.lang.reflect.Constructor.newInstanceWithCaller(Constructor.java:499)
at java.base/java.lang.reflect.Constructor.newInstance(Constructor.java:480)
at org.openqa.selenium.remote.codec.w3c.W3CHttpResponseCodec.createException(W3CHttpResponseCodec.java:200)
at org.openqa.selenium.remote.codec.w3c.W3CHttpResponseCodec.decode(W3CHttpResponseCodec.java:133)
at org.openqa.selenium.remote.codec.w3c.W3CHttpResponseCodec.decode(W3CHttpResponseCodec.java:53)
at org.openqa.selenium.remote.HttpCommandExecutor.execute(HttpCommandExecutor.java:184)
at org.openqa.selenium.remote.service.DriverCommandExecutor.invokeExecute(DriverCommandExecutor.java:164)
at org.openqa.selenium.remote.service.DriverCommandExecutor.execute(DriverCommandExecutor.java:139)
at org.openqa.selenium.remote.RemoteWebDriver.execute(RemoteWebDriver.java:547)
at org.openqa.selenium.remote.ElementLocation$ElementFinder$2.findElement(ElementLocation.java:162)
at org.openqa.selenium.remote.ElementLocation.findElement(ElementLocation.java:60)
at org.openqa.selenium.remote.RemoteWebDriver.findElement(RemoteWebDriver.java:381)
at org.openqa.selenium.remote.RemoteWebDriver.findElement(RemoteWebDriver.java:373)
at mykademyTests.RoleManagement.DeleteRole(RoleManagement.java:65)
at java.base/jdk.internal.reflect.NativeMethodAccessorImpl.invoke0(Native Method)
at java.base/jdk.internal.reflect.NativeMethodAccessorImpl.invoke(NativeMethodAccessorImpl.java:78)
at java.base/jdk.internal.reflect.DelegatingMethodAccessorImpl.invoke(DelegatingMethodAccessorImpl.java:43)
at java.base/java.lang.reflect.Method.invoke(Method.java:567)
at org.testng.internal.MethodInvocationHelper.invokeMethod(MethodInvocationHelper.java:133)
at org.testng.internal.TestInvoker.invokeMethod(TestInvoker.java:598)
at org.testng.internal.TestInvoker.invokeTestMethod(TestInvoker.java:173)
at org.testng.internal.MethodRunner.runInSequence(MethodRunner.java:46)
at org.testng.internal.TestInvoker$MethodInvocationAgent.invoke(TestInvoker.java:824)
at org.testng.internal.TestInvoker.invokeTestMethods(TestInvoker.java:146)
at org.testng.internal.TestMethodWorker.invokeTestMethods(TestMethodWorker.java:146)
at org.testng.internal.TestMethodWorker.run(TestMethodWorker.java:128)
at java.base/java.util.ArrayList.forEach(ArrayList.java:1511)
at org.testng.TestRunner.privateRun(TestRunner.java:794)
at org.testng.TestRunner.run(TestRunner.java:596)
at org.testng.SuiteRunner.runTest(SuiteRunner.java:377)
at org.testng.SuiteRunner.runSequentially(SuiteRunner.java:371)
at org.testng.SuiteRunner.privateRun(SuiteRunner.java:332)
at org.testng.SuiteRunner.run(SuiteRunner.java:276)
at org.testng.SuiteRunnerWorker.runSuite(SuiteRunnerWorker.java:53)
at org.testng.SuiteRunnerWorker.run(SuiteRunnerWorker.java:96)
at org.testng.TestNG.runSuitesSequentially(TestNG.java:1212)
at org.testng.TestNG.runSuitesLocally(TestNG.java:1134)
at org.testng.TestNG.runSuites(TestNG.java:1063)
at org.testng.TestNG.run(TestNG.java:1031)
at org.testng.remote.AbstractRemoteTestNG.run(AbstractRemoteTestNG.java:115)
at org.testng.remote.RemoteTestNG.initAndRun(RemoteTestNG.java:251)
at org.testng.remote.RemoteTestNG.main(RemoteTestNG.java:77)
]]>
            </full-stacktrace>
          </exception> <!-- org.openqa.selenium.NoSuchElementException -->
          <reporter-output>
          </reporter-output>
        </test-method> <!-- DeleteRole -->
        <test-method signature="ActivateRole()[pri:5, instance:mykademyTests.RoleManagement@10d307f1]" started-at="2022-05-31T07:17:58 IST" name="ActivateRole" finished-at="2022-05-31T07:17:58 IST" depends-on-methods="mykademyTests.RoleManagement.DeleteRole" duration-ms="0" status="SKIP">
          <exception class="java.lang.Throwable">
            <message>
              <![CDATA[Method RoleManagement.ActivateRole()[pri:5, instance:mykademyTests.RoleManagement@10d307f1] depends on not successfully finished methods]]>
            </message>
            <full-stacktrace>
              <![CDATA[java.lang.Throwable: Method RoleManagement.ActivateRole()[pri:5, instance:mykademyTests.RoleManagement@10d307f1] depends on not successfully finished methods
at org.testng.internal.TestInvoker.invokeTestMethods(TestInvoker.java:102)
at org.testng.internal.TestMethodWorker.invokeTestMethods(TestMethodWorker.java:146)
at org.testng.internal.TestMethodWorker.run(TestMethodWorker.java:128)
at java.base/java.util.ArrayList.forEach(ArrayList.java:1511)
at org.testng.TestRunner.privateRun(TestRunner.java:794)
at org.testng.TestRunner.run(TestRunner.java:596)
at org.testng.SuiteRunner.runTest(SuiteRunner.java:377)
at org.testng.SuiteRunner.runSequentially(SuiteRunner.java:371)
at org.testng.SuiteRunner.privateRun(SuiteRunner.java:332)
at org.testng.SuiteRunner.run(SuiteRunner.java:276)
at org.testng.SuiteRunnerWorker.runSuite(SuiteRunnerWorker.java:53)
at org.testng.SuiteRunnerWorker.run(SuiteRunnerWorker.java:96)
at org.testng.TestNG.runSuitesSequentially(TestNG.java:1212)
at org.testng.TestNG.runSuitesLocally(TestNG.java:1134)
at org.testng.TestNG.runSuites(TestNG.java:1063)
at org.testng.TestNG.run(TestNG.java:1031)
at org.testng.remote.AbstractRemoteTestNG.run(AbstractRemoteTestNG.java:115)
at org.testng.remote.RemoteTestNG.initAndRun(RemoteTestNG.java:251)
at org.testng.remote.RemoteTestNG.main(RemoteTestNG.java:77)
]]>
            </full-stacktrace>
          </exception> <!-- java.lang.Throwable -->
          <reporter-output>
          </reporter-output>
        </test-method> <!-- ActivateRole -->
        <test-method signature="GoToHomePage()[pri:6, instance:mykademyTests.RoleManagement@10d307f1]" started-at="2022-05-31T07:17:58 IST" name="GoToHomePage" finished-at="2022-05-31T07:17:59 IST" depends-on-methods="mykademyTests.RoleManagement.MoveToRoleManagement" duration-ms="929" status="PASS">
          <reporter-output>
          </reporter-output>
        </test-method> <!-- GoToHomePage -->
      </class> <!-- mykademyTests.RoleManagement -->
    </test> <!-- testngtestingRoleManagement -->
  </suite> <!-- Suite1 -->
</testng-results>
